[2026-05-07 11:01:35] This is codeql database analyze --format=sarifv2.1.0 --threads=10 --output=/home/codeql/project/data/datasets/ConstClasBit/ConstClasBit_all_result.sarif --rerun -- /home/codeql/project/data/ConstClasBit_db /home/codeql/project/LintQ-all.qls
[2026-05-07 11:01:35] Log file was started late.
[2026-05-07 11:01:35] [PROGRESS] database analyze> Running queries.
[2026-05-07 11:01:35] Running plumbing command: codeql database run-queries --evaluator-log-level=5 --threads=10 --insecurely-execute-ml-model-checksums= --warnings=show --qlconfig-file=/home/codeql/project/qlconfig.yml --rerun -- /home/codeql/project/data/ConstClasBit_db /home/codeql/project/LintQ-all.qls
[2026-05-07 11:01:35] Calling plumbing command: codeql resolve ram --format=json
[2026-05-07 11:01:35] Plumbing command codeql resolve ram completed:
                      [
                        "-J-Xmx964M",
                        "--off-heap-ram=964"
                      ]
[2026-05-07 11:01:35] Spawning plumbing command: execute queries -J-Xmx964M --off-heap-ram=964 --verbosity=progress --logdir=/home/codeql/project/data/ConstClasBit_db/log --evaluator-log-level=5 --threads=10 --insecurely-execute-ml-model-checksums= --warnings=show --qlconfig-file=/home/codeql/project/qlconfig.yml --rerun --output=/home/codeql/project/data/ConstClasBit_db/results -- /home/codeql/project/data/ConstClasBit_db/db-python /home/codeql/project/LintQ-all.qls
[2026-05-07 11:06:53] Plumbing command codeql execute queries terminated with status 0.
[2026-05-07 11:06:53] Plumbing command codeql database run-queries completed with status 0.
[2026-05-07 11:06:53] [PROGRESS] database analyze> Interpreting results.
[2026-05-07 11:06:53] Running plumbing command: codeql database interpret-results --format=sarifv2.1.0 -o=/home/codeql/project/data/datasets/ConstClasBit/ConstClasBit_all_result.sarif --max-paths=4 --csv-location-format=line-column --print-diagnostics-summary --print-metrics-summary --threads=10 --qlconfig-file=/home/codeql/project/qlconfig.yml -- /home/codeql/project/data/ConstClasBit_db /home/codeql/project/LintQ-all.qls
[2026-05-07 11:06:53] Calling plumbing command: codeql resolve queries --qlconfig-file=/home/codeql/project/qlconfig.yml --format=json -- /home/codeql/project/LintQ-all.qls
[2026-05-07 11:06:53] [DETAILS] resolve queries> Expanding query suite /home/codeql/project/LintQ-all.qls.
[2026-05-07 11:06:53] [PROGRESS] resolve queries> Recording pack reference mattepalte/qlint at /usr/local/codeql-home/LintQ/codeql/src.
[2026-05-07 11:06:53] [SPAMMIER] resolve queries> Resolution instruction: qlpack mattepalte/qlint
[2026-05-07 11:06:53] [SPAMMY] resolve queries> Scanning for QL files at /usr/local/codeql-home/LintQ/codeql/src.
[2026-05-07 11:06:53] [SPAMMY] resolve queries> Found 31 QL files in /usr/local/codeql-home/LintQ/codeql/src.
[2026-05-07 11:06:53] [SPAMMIER] resolve queries> Resolution instruction: include.
[2026-05-07 11:06:53] [SPAMMY] resolve queries> Query Filter: Implicitly candidating /usr/local/codeql-home/LintQ/codeql/src/Backend/InitWithoutTranspilation.ql.
[2026-05-07 11:06:53] [SPAMMY] resolve queries> Query Filter: Implicitly candidating /usr/local/codeql-home/LintQ/codeql/src/Backend/MeasWithStatevector.ql.
[2026-05-07 11:06:53] [SPAMMY] resolve queries> Query Filter: Implicitly candidating /usr/local/codeql-home/LintQ/codeql/src/Extra/DeprecatedCircuitMethod.ql.
[2026-05-07 11:06:53] [SPAMMY] resolve queries> Query Filter: Implicitly candidating /usr/local/codeql-home/LintQ/codeql/src/Extra/DeprecatedIdentity.ql.
[2026-05-07 11:06:53] [SPAMMY] resolve queries> Query Filter: Implicitly candidating /usr/local/codeql-home/LintQ/codeql/src/Extra/ExecuteWithSeed.ql.
[2026-05-07 11:06:53] [SPAMMY] resolve queries> Query Filter: Implicitly candidating /usr/local/codeql-home/LintQ/codeql/src/Extra/GhostQASMImport.ql.
[2026-05-07 11:06:53] [SPAMMY] resolve queries> Query Filter: Implicitly candidating /usr/local/codeql-home/LintQ/codeql/src/Extra/ImproperDraw.ql.
[2026-05-07 11:06:53] [SPAMMY] resolve queries> Query Filter: Implicitly candidating /usr/local/codeql-home/LintQ/codeql/src/Extra/MultipleSubmission.ql.
[2026-05-07 11:06:53] [SPAMMY] resolve queries> Query Filter: Implicitly candidating /usr/local/codeql-home/LintQ/codeql/src/Extra/SimulatorSizeOverflow.ql.
[2026-05-07 11:06:53] [SPAMMY] resolve queries> Query Filter: Implicitly candidating /usr/local/codeql-home/LintQ/codeql/src/Extra/SuperfluousOp.ql.
[2026-05-07 11:06:53] [SPAMMY] resolve queries> Query Filter: Implicitly candidating /usr/local/codeql-home/LintQ/codeql/src/Extra/SuperfluousOpPrecise.ql.
[2026-05-07 11:06:53] [SPAMMY] resolve queries> Query Filter: Implicitly candidating /usr/local/codeql-home/LintQ/codeql/src/Extra/TranspileWithoutLayout.ql.
[2026-05-07 11:06:53] [SPAMMY] resolve queries> Query Filter: Implicitly candidating /usr/local/codeql-home/LintQ/codeql/src/Interconnection/GhostComposition.ql.
[2026-05-07 11:06:53] [SPAMMY] resolve queries> Query Filter: Implicitly candidating /usr/local/codeql-home/LintQ/codeql/src/Interconnection/GhostFromQasm.ql.
[2026-05-07 11:06:53] [SPAMMY] resolve queries> Query Filter: Implicitly candidating /usr/local/codeql-home/LintQ/codeql/src/Interconnection/IncompatibleComposition.ql.
[2026-05-07 11:06:53] [SPAMMY] resolve queries> Query Filter: Implicitly candidating /usr/local/codeql-home/LintQ/codeql/src/Interconnection/UngovernedComposition.ql.
[2026-05-07 11:06:53] [SPAMMY] resolve queries> Query Filter: Implicitly candidating /usr/local/codeql-home/LintQ/codeql/src/Measurement/ConditionalGateWithoutMeas.ql.
[2026-05-07 11:06:53] [SPAMMY] resolve queries> Query Filter: Implicitly candidating /usr/local/codeql-home/LintQ/codeql/src/Measurement/DoubleMeasurement.ql.
[2026-05-07 11:06:53] [SPAMMY] resolve queries> Query Filter: Implicitly candidating /usr/local/codeql-home/LintQ/codeql/src/Measurement/MeasureAll.ql.
[2026-05-07 11:06:53] [SPAMMY] resolve queries> Query Filter: Implicitly candidating /usr/local/codeql-home/LintQ/codeql/src/Measurement/OpAfterMeasurement.ql.
[2026-05-07 11:06:53] [SPAMMY] resolve queries> Query Filter: Implicitly candidating /usr/local/codeql-home/LintQ/codeql/src/Measurement/OpAfterMeasurementGeneral.ql.
[2026-05-07 11:06:53] [SPAMMY] resolve queries> Query Filter: Implicitly candidating /usr/local/codeql-home/LintQ/codeql/src/Metrics/CircuitSize.ql.
[2026-05-07 11:06:53] [SPAMMY] resolve queries> Query Filter: Implicitly candidating /usr/local/codeql-home/LintQ/codeql/src/Optimization/OpAfterOptimization.ql.
[2026-05-07 11:06:53] [SPAMMY] resolve queries> Query Filter: Implicitly candidating /usr/local/codeql-home/LintQ/codeql/src/Qsmell/NoAlignmentLogicalPhysical.ql.
[2026-05-07 11:06:53] [SPAMMY] resolve queries> Query Filter: Implicitly candidating /usr/local/codeql-home/LintQ/codeql/src/Qsmell/NonParametrizedCircuit.ql.
[2026-05-07 11:06:53] [SPAMMY] resolve queries> Query Filter: Implicitly candidating /usr/local/codeql-home/LintQ/codeql/src/Resource/ConstantClassicBit.ql.
[2026-05-07 11:06:53] [SPAMMY] resolve queries> Query Filter: Implicitly candidating /usr/local/codeql-home/LintQ/codeql/src/Resource/OversizedCircuit.ql.
[2026-05-07 11:06:53] [SPAMMY] resolve queries> Query Filter: Implicitly candidating /usr/local/codeql-home/LintQ/codeql/src/Resource/UnmeasurableQubits.ql.
[2026-05-07 11:06:53] [SPAMMY] resolve queries> Query Filter: Implicitly candidating /usr/local/codeql-home/LintQ/codeql/src/Simulation/InvalidPauliErrorSize.ql.
[2026-05-07 11:06:53] [SPAMMY] resolve queries> Query Filter: Implicitly candidating /usr/local/codeql-home/LintQ/codeql/src/Simulation/InvalidPauliSyntaxError.ql.
[2026-05-07 11:06:53] [SPAMMY] resolve queries> Query Filter: Implicitly candidating /usr/local/codeql-home/LintQ/codeql/src/Vulnerability/TokenLeakage.ql.
[2026-05-07 11:06:53] [SPAMMY] resolve queries> Query Filter: Including by constraints tags contain=LintQ.
[2026-05-07 11:06:53] [SPAMMIER] resolve queries> Query Filter: /usr/local/codeql-home/LintQ/codeql/src/Backend/InitWithoutTranspilation.ql failed 'tags contain` constraint [correctness, reliability, qiskit]
[2026-05-07 11:06:53] [SPAMMIER] resolve queries> Query Filter: /usr/local/codeql-home/LintQ/codeql/src/Backend/MeasWithStatevector.ql failed 'tags contain` constraint [correctness, reliability, qiskit]
[2026-05-07 11:06:53] [SPAMMIER] resolve queries> Query Filter: /usr/local/codeql-home/LintQ/codeql/src/Extra/DeprecatedCircuitMethod.ql failed 'tags contain` constraint [correctness, reliability, qiskit]
[2026-05-07 11:06:53] [SPAMMY] resolve queries> Query Filter: Including /usr/local/codeql-home/LintQ/codeql/src/Extra/DeprecatedIdentity.ql.
[2026-05-07 11:06:53] [SPAMMIER] resolve queries> Query Filter: /usr/local/codeql-home/LintQ/codeql/src/Extra/ExecuteWithSeed.ql failed 'tags contain` constraint [correctness, reliability, qiskit]
[2026-05-07 11:06:53] [SPAMMIER] resolve queries> Query Filter: /usr/local/codeql-home/LintQ/codeql/src/Extra/GhostQASMImport.ql failed 'tags contain` constraint [correctness, reliability, qiskit]
[2026-05-07 11:06:53] [SPAMMIER] resolve queries> Query Filter: /usr/local/codeql-home/LintQ/codeql/src/Extra/ImproperDraw.ql failed 'tags contain` constraint [correctness, reliability, qiskit]
[2026-05-07 11:06:53] [SPAMMIER] resolve queries> Query Filter: /usr/local/codeql-home/LintQ/codeql/src/Extra/MultipleSubmission.ql failed 'tags contain` constraint [correctness, reliability, qiskit]
[2026-05-07 11:06:53] [SPAMMIER] resolve queries> Query Filter: /usr/local/codeql-home/LintQ/codeql/src/Extra/SimulatorSizeOverflow.ql failed 'tags contain` constraint [correctness, reliability, qiskit]
[2026-05-07 11:06:53] [SPAMMIER] resolve queries> Query Filter: /usr/local/codeql-home/LintQ/codeql/src/Extra/SuperfluousOp.ql failed 'tags contain` constraint [correctness, reliability, qiskit]
[2026-05-07 11:06:53] [SPAMMIER] resolve queries> Query Filter: /usr/local/codeql-home/LintQ/codeql/src/Extra/SuperfluousOpPrecise.ql failed 'tags contain` constraint [correctness, reliability, qiskit]
[2026-05-07 11:06:53] [SPAMMIER] resolve queries> Query Filter: /usr/local/codeql-home/LintQ/codeql/src/Extra/TranspileWithoutLayout.ql failed 'tags contain` constraint [correctness, reliability, qiskit]
[2026-05-07 11:06:53] [SPAMMY] resolve queries> Query Filter: Including /usr/local/codeql-home/LintQ/codeql/src/Interconnection/GhostComposition.ql.
[2026-05-07 11:06:53] [SPAMMIER] resolve queries> Query Filter: /usr/local/codeql-home/LintQ/codeql/src/Interconnection/GhostFromQasm.ql failed 'tags contain` constraint [correctness, reliability, qiskit]
[2026-05-07 11:06:53] [SPAMMIER] resolve queries> Query Filter: /usr/local/codeql-home/LintQ/codeql/src/Interconnection/IncompatibleComposition.ql failed 'tags contain` constraint [correctness, reliability, qiskit]
[2026-05-07 11:06:53] [SPAMMIER] resolve queries> Query Filter: /usr/local/codeql-home/LintQ/codeql/src/Interconnection/UngovernedComposition.ql failed 'tags contain` constraint [maintainability, recommendation, qiskit]
[2026-05-07 11:06:53] [SPAMMY] resolve queries> Query Filter: Including /usr/local/codeql-home/LintQ/codeql/src/Measurement/ConditionalGateWithoutMeas.ql.
[2026-05-07 11:06:53] [SPAMMY] resolve queries> Query Filter: Including /usr/local/codeql-home/LintQ/codeql/src/Measurement/DoubleMeasurement.ql.
[2026-05-07 11:06:53] [SPAMMY] resolve queries> Query Filter: Including /usr/local/codeql-home/LintQ/codeql/src/Measurement/MeasureAll.ql.
[2026-05-07 11:06:53] [SPAMMY] resolve queries> Query Filter: Including /usr/local/codeql-home/LintQ/codeql/src/Measurement/OpAfterMeasurement.ql.
[2026-05-07 11:06:53] [SPAMMIER] resolve queries> Query Filter: /usr/local/codeql-home/LintQ/codeql/src/Measurement/OpAfterMeasurementGeneral.ql failed 'tags contain` constraint [correctness, reliability, qiskit]
[2026-05-07 11:06:53] [SPAMMIER] resolve queries> Query Filter: /usr/local/codeql-home/LintQ/codeql/src/Metrics/CircuitSize.ql failed 'tags contain` constraint [correctness, reliability, qiskit]
[2026-05-07 11:06:53] [SPAMMY] resolve queries> Query Filter: Including /usr/local/codeql-home/LintQ/codeql/src/Optimization/OpAfterOptimization.ql.
[2026-05-07 11:06:53] [SPAMMIER] resolve queries> Query Filter: /usr/local/codeql-home/LintQ/codeql/src/Qsmell/NoAlignmentLogicalPhysical.ql failed 'tags contain` constraint [maintainability, efficiency, qiskit]
[2026-05-07 11:06:53] [SPAMMIER] resolve queries> Query Filter: /usr/local/codeql-home/LintQ/codeql/src/Qsmell/NonParametrizedCircuit.ql failed 'tags contain` constraint [maintainability, efficiency, qiskit]
[2026-05-07 11:06:53] [SPAMMY] resolve queries> Query Filter: Including /usr/local/codeql-home/LintQ/codeql/src/Resource/ConstantClassicBit.ql.
[2026-05-07 11:06:53] [SPAMMY] resolve queries> Query Filter: Including /usr/local/codeql-home/LintQ/codeql/src/Resource/OversizedCircuit.ql.
[2026-05-07 11:06:53] [SPAMMY] resolve queries> Query Filter: Including /usr/local/codeql-home/LintQ/codeql/src/Resource/UnmeasurableQubits.ql.
[2026-05-07 11:06:53] [SPAMMIER] resolve queries> Query Filter: /usr/local/codeql-home/LintQ/codeql/src/Simulation/InvalidPauliErrorSize.ql failed 'tags contain` constraint [correctness, reliability, qiskit]
[2026-05-07 11:06:53] [SPAMMIER] resolve queries> Query Filter: /usr/local/codeql-home/LintQ/codeql/src/Simulation/InvalidPauliSyntaxError.ql failed 'tags contain` constraint [correctness, reliability, qiskit]
[2026-05-07 11:06:53] [SPAMMIER] resolve queries> Query Filter: /usr/local/codeql-home/LintQ/codeql/src/Vulnerability/TokenLeakage.ql failed 'tags contain` constraint [security, qiskit]
[2026-05-07 11:06:53] [DETAILS] resolve queries> Got 10 queries from /home/codeql/project/LintQ-all.qls.
[2026-05-07 11:06:53] Plumbing command codeql resolve queries completed:
                      [
                        "/usr/local/codeql-home/LintQ/codeql/src/Extra/DeprecatedIdentity.ql",
                        "/usr/local/codeql-home/LintQ/codeql/src/Interconnection/GhostComposition.ql",
                        "/usr/local/codeql-home/LintQ/codeql/src/Measurement/ConditionalGateWithoutMeas.ql",
                        "/usr/local/codeql-home/LintQ/codeql/src/Measurement/DoubleMeasurement.ql",
                        "/usr/local/codeql-home/LintQ/codeql/src/Measurement/MeasureAll.ql",
                        "/usr/local/codeql-home/LintQ/codeql/src/Measurement/OpAfterMeasurement.ql",
                        "/usr/local/codeql-home/LintQ/codeql/src/Optimization/OpAfterOptimization.ql",
                        "/usr/local/codeql-home/LintQ/codeql/src/Resource/ConstantClassicBit.ql",
                        "/usr/local/codeql-home/LintQ/codeql/src/Resource/OversizedCircuit.ql",
                        "/usr/local/codeql-home/LintQ/codeql/src/Resource/UnmeasurableQubits.ql"
                      ]
[2026-05-07 11:06:53] [DETAILS] database interpret-results> Scanning for [codeql-pack.yml, qlpack.yml] from /usr/local/codeql-home/codeql/.codeqlmanifest.json
[2026-05-07 11:06:53] [DETAILS] database interpret-results> Scanning for [codeql-pack.yml, qlpack.yml] from /usr/local/codeql-home/codeql-workspace.yml
[2026-05-07 11:06:53] [PROGRESS] database interpret-results> Interpreting /usr/local/codeql-home/LintQ/codeql/src/Extra/DeprecatedIdentity.ql...
[2026-05-07 11:06:53] Calling plumbing command: codeql resolve library-path --query=/usr/local/codeql-home/LintQ/codeql/src/Extra/DeprecatedIdentity.ql --full-library-path=none --dbscheme=none --format=json
[2026-05-07 11:06:53] [DETAILS] resolve library-path> Resolving query at normalized path /usr/local/codeql-home/LintQ/codeql/src/Extra/DeprecatedIdentity.ql.
[2026-05-07 11:06:53] [DETAILS] resolve library-path> Found enclosing pack 'mattepalte/qlint' at /usr/local/codeql-home/LintQ/codeql/src.
[2026-05-07 11:06:53] [DETAILS] resolve library-path> Adding compilation cache at /usr/local/codeql-home/LintQ/codeql/src/.cache.
[2026-05-07 11:06:53] [DETAILS] resolve library-path> Dbscheme was explicitly overridden as /home/codeql/project/none
[2026-05-07 11:06:53] [DETAILS] resolve library-path> Library path was overridden on command line.
[2026-05-07 11:06:53] Plumbing command codeql resolve library-path completed:
                      {
                        "libraryPath" : [
                          "/home/codeql/project/none"
                        ],
                        "dbscheme" : "/home/codeql/project/none",
                        "compilationCache" : [
                          "/usr/local/codeql-home/LintQ/codeql/src/.cache"
                        ],
                        "relativeName" : "mattepalte/qlint/Extra/DeprecatedIdentity.ql",
                        "qlPackName" : "mattepalte/qlint"
                      }
[2026-05-07 11:06:53] [DETAILS] database interpret-results>  ... found results file at /home/codeql/project/data/ConstClasBit_db/results/mattepalte/qlint/Extra/DeprecatedIdentity.bqrs.
[2026-05-07 11:06:53] [DETAILS] database interpret-results> Interpreted problem query "Deprecated Identity" (ql-deprecated-identity) at path /usr/local/codeql-home/LintQ/codeql/src/Extra/DeprecatedIdentity.ql.
[2026-05-07 11:06:53] [PROGRESS] database interpret-results> Interpreting /usr/local/codeql-home/LintQ/codeql/src/Interconnection/GhostComposition.ql...
[2026-05-07 11:06:53] Calling plumbing command: codeql resolve library-path --query=/usr/local/codeql-home/LintQ/codeql/src/Interconnection/GhostComposition.ql --full-library-path=none --dbscheme=none --format=json
[2026-05-07 11:06:53] [DETAILS] resolve library-path> Resolving query at normalized path /usr/local/codeql-home/LintQ/codeql/src/Interconnection/GhostComposition.ql.
[2026-05-07 11:06:53] [DETAILS] resolve library-path> Found enclosing pack 'mattepalte/qlint' at /usr/local/codeql-home/LintQ/codeql/src.
[2026-05-07 11:06:53] [DETAILS] resolve library-path> Adding compilation cache at /usr/local/codeql-home/LintQ/codeql/src/.cache.
[2026-05-07 11:06:53] [DETAILS] resolve library-path> Dbscheme was explicitly overridden as /home/codeql/project/none
[2026-05-07 11:06:53] [DETAILS] resolve library-path> Library path was overridden on command line.
[2026-05-07 11:06:53] Plumbing command codeql resolve library-path completed:
                      {
                        "libraryPath" : [
                          "/home/codeql/project/none"
                        ],
                        "dbscheme" : "/home/codeql/project/none",
                        "compilationCache" : [
                          "/usr/local/codeql-home/LintQ/codeql/src/.cache"
                        ],
                        "relativeName" : "mattepalte/qlint/Interconnection/GhostComposition.ql",
                        "qlPackName" : "mattepalte/qlint"
                      }
[2026-05-07 11:06:53] [DETAILS] database interpret-results>  ... found results file at /home/codeql/project/data/ConstClasBit_db/results/mattepalte/qlint/Interconnection/GhostComposition.bqrs.
[2026-05-07 11:06:53] [DETAILS] database interpret-results> Interpreted problem query "Ghost Composition." (ql-ghost-composition) at path /usr/local/codeql-home/LintQ/codeql/src/Interconnection/GhostComposition.ql.
[2026-05-07 11:06:53] [PROGRESS] database interpret-results> Interpreting /usr/local/codeql-home/LintQ/codeql/src/Measurement/ConditionalGateWithoutMeas.ql...
[2026-05-07 11:06:53] Calling plumbing command: codeql resolve library-path --query=/usr/local/codeql-home/LintQ/codeql/src/Measurement/ConditionalGateWithoutMeas.ql --full-library-path=none --dbscheme=none --format=json
[2026-05-07 11:06:53] [DETAILS] resolve library-path> Resolving query at normalized path /usr/local/codeql-home/LintQ/codeql/src/Measurement/ConditionalGateWithoutMeas.ql.
[2026-05-07 11:06:53] [DETAILS] resolve library-path> Found enclosing pack 'mattepalte/qlint' at /usr/local/codeql-home/LintQ/codeql/src.
[2026-05-07 11:06:53] [DETAILS] resolve library-path> Adding compilation cache at /usr/local/codeql-home/LintQ/codeql/src/.cache.
[2026-05-07 11:06:53] [DETAILS] resolve library-path> Dbscheme was explicitly overridden as /home/codeql/project/none
[2026-05-07 11:06:53] [DETAILS] resolve library-path> Library path was overridden on command line.
[2026-05-07 11:06:53] Plumbing command codeql resolve library-path completed:
                      {
                        "libraryPath" : [
                          "/home/codeql/project/none"
                        ],
                        "dbscheme" : "/home/codeql/project/none",
                        "compilationCache" : [
                          "/usr/local/codeql-home/LintQ/codeql/src/.cache"
                        ],
                        "relativeName" : "mattepalte/qlint/Measurement/ConditionalGateWithoutMeas.ql",
                        "qlPackName" : "mattepalte/qlint"
                      }
[2026-05-07 11:06:53] [DETAILS] database interpret-results>  ... found results file at /home/codeql/project/data/ConstClasBit_db/results/mattepalte/qlint/Measurement/ConditionalGateWithoutMeas.bqrs.
[2026-05-07 11:06:53] [DETAILS] database interpret-results> Interpreted problem query "Conditional gate without preceeding measurement." (ql-conditional-without-measurement) at path /usr/local/codeql-home/LintQ/codeql/src/Measurement/ConditionalGateWithoutMeas.ql.
[2026-05-07 11:06:53] [PROGRESS] database interpret-results> Interpreting /usr/local/codeql-home/LintQ/codeql/src/Measurement/DoubleMeasurement.ql...
[2026-05-07 11:06:53] Calling plumbing command: codeql resolve library-path --query=/usr/local/codeql-home/LintQ/codeql/src/Measurement/DoubleMeasurement.ql --full-library-path=none --dbscheme=none --format=json
[2026-05-07 11:06:53] [DETAILS] resolve library-path> Resolving query at normalized path /usr/local/codeql-home/LintQ/codeql/src/Measurement/DoubleMeasurement.ql.
[2026-05-07 11:06:53] [DETAILS] resolve library-path> Found enclosing pack 'mattepalte/qlint' at /usr/local/codeql-home/LintQ/codeql/src.
[2026-05-07 11:06:53] [DETAILS] resolve library-path> Adding compilation cache at /usr/local/codeql-home/LintQ/codeql/src/.cache.
[2026-05-07 11:06:53] [DETAILS] resolve library-path> Dbscheme was explicitly overridden as /home/codeql/project/none
[2026-05-07 11:06:53] [DETAILS] resolve library-path> Library path was overridden on command line.
[2026-05-07 11:06:53] Plumbing command codeql resolve library-path completed:
                      {
                        "libraryPath" : [
                          "/home/codeql/project/none"
                        ],
                        "dbscheme" : "/home/codeql/project/none",
                        "compilationCache" : [
                          "/usr/local/codeql-home/LintQ/codeql/src/.cache"
                        ],
                        "relativeName" : "mattepalte/qlint/Measurement/DoubleMeasurement.ql",
                        "qlPackName" : "mattepalte/qlint"
                      }
[2026-05-07 11:06:53] [DETAILS] database interpret-results>  ... found results file at /home/codeql/project/data/ConstClasBit_db/results/mattepalte/qlint/Measurement/DoubleMeasurement.bqrs.
[2026-05-07 11:06:53] [DETAILS] database interpret-results> Interpreted problem query "Double measurement on the same qubit." (ql-double-measurement) at path /usr/local/codeql-home/LintQ/codeql/src/Measurement/DoubleMeasurement.ql.
[2026-05-07 11:06:53] [PROGRESS] database interpret-results> Interpreting /usr/local/codeql-home/LintQ/codeql/src/Measurement/MeasureAll.ql...
[2026-05-07 11:06:53] Calling plumbing command: codeql resolve library-path --query=/usr/local/codeql-home/LintQ/codeql/src/Measurement/MeasureAll.ql --full-library-path=none --dbscheme=none --format=json
[2026-05-07 11:06:53] [DETAILS] resolve library-path> Resolving query at normalized path /usr/local/codeql-home/LintQ/codeql/src/Measurement/MeasureAll.ql.
[2026-05-07 11:06:53] [DETAILS] resolve library-path> Found enclosing pack 'mattepalte/qlint' at /usr/local/codeql-home/LintQ/codeql/src.
[2026-05-07 11:06:53] [DETAILS] resolve library-path> Adding compilation cache at /usr/local/codeql-home/LintQ/codeql/src/.cache.
[2026-05-07 11:06:53] [DETAILS] resolve library-path> Dbscheme was explicitly overridden as /home/codeql/project/none
[2026-05-07 11:06:53] [DETAILS] resolve library-path> Library path was overridden on command line.
[2026-05-07 11:06:53] Plumbing command codeql resolve library-path completed:
                      {
                        "libraryPath" : [
                          "/home/codeql/project/none"
                        ],
                        "dbscheme" : "/home/codeql/project/none",
                        "compilationCache" : [
                          "/usr/local/codeql-home/LintQ/codeql/src/.cache"
                        ],
                        "relativeName" : "mattepalte/qlint/Measurement/MeasureAll.ql",
                        "qlPackName" : "mattepalte/qlint"
                      }
[2026-05-07 11:06:53] [DETAILS] database interpret-results>  ... found results file at /home/codeql/project/data/ConstClasBit_db/results/mattepalte/qlint/Measurement/MeasureAll.bqrs.
[2026-05-07 11:06:53] [DETAILS] database interpret-results> Interpreted problem query "Measure all abuse." (ql-measure-all-abuse) at path /usr/local/codeql-home/LintQ/codeql/src/Measurement/MeasureAll.ql.
[2026-05-07 11:06:53] [PROGRESS] database interpret-results> Interpreting /usr/local/codeql-home/LintQ/codeql/src/Measurement/OpAfterMeasurement.ql...
[2026-05-07 11:06:53] Calling plumbing command: codeql resolve library-path --query=/usr/local/codeql-home/LintQ/codeql/src/Measurement/OpAfterMeasurement.ql --full-library-path=none --dbscheme=none --format=json
[2026-05-07 11:06:53] [DETAILS] resolve library-path> Resolving query at normalized path /usr/local/codeql-home/LintQ/codeql/src/Measurement/OpAfterMeasurement.ql.
[2026-05-07 11:06:53] [DETAILS] resolve library-path> Found enclosing pack 'mattepalte/qlint' at /usr/local/codeql-home/LintQ/codeql/src.
[2026-05-07 11:06:53] [DETAILS] resolve library-path> Adding compilation cache at /usr/local/codeql-home/LintQ/codeql/src/.cache.
[2026-05-07 11:06:53] [DETAILS] resolve library-path> Dbscheme was explicitly overridden as /home/codeql/project/none
[2026-05-07 11:06:53] [DETAILS] resolve library-path> Library path was overridden on command line.
[2026-05-07 11:06:53] Plumbing command codeql resolve library-path completed:
                      {
                        "libraryPath" : [
                          "/home/codeql/project/none"
                        ],
                        "dbscheme" : "/home/codeql/project/none",
                        "compilationCache" : [
                          "/usr/local/codeql-home/LintQ/codeql/src/.cache"
                        ],
                        "relativeName" : "mattepalte/qlint/Measurement/OpAfterMeasurement.ql",
                        "qlPackName" : "mattepalte/qlint"
                      }
[2026-05-07 11:06:53] [DETAILS] database interpret-results>  ... found results file at /home/codeql/project/data/ConstClasBit_db/results/mattepalte/qlint/Measurement/OpAfterMeasurement.bqrs.
[2026-05-07 11:06:53] [DETAILS] database interpret-results> Interpreted problem query "Operation after measurement." (ql-operation-after-measurement) at path /usr/local/codeql-home/LintQ/codeql/src/Measurement/OpAfterMeasurement.ql.
[2026-05-07 11:06:53] [PROGRESS] database interpret-results> Interpreting /usr/local/codeql-home/LintQ/codeql/src/Optimization/OpAfterOptimization.ql...
[2026-05-07 11:06:53] Calling plumbing command: codeql resolve library-path --query=/usr/local/codeql-home/LintQ/codeql/src/Optimization/OpAfterOptimization.ql --full-library-path=none --dbscheme=none --format=json
[2026-05-07 11:06:53] [DETAILS] resolve library-path> Resolving query at normalized path /usr/local/codeql-home/LintQ/codeql/src/Optimization/OpAfterOptimization.ql.
[2026-05-07 11:06:53] [DETAILS] resolve library-path> Found enclosing pack 'mattepalte/qlint' at /usr/local/codeql-home/LintQ/codeql/src.
[2026-05-07 11:06:53] [DETAILS] resolve library-path> Adding compilation cache at /usr/local/codeql-home/LintQ/codeql/src/.cache.
[2026-05-07 11:06:53] [DETAILS] resolve library-path> Dbscheme was explicitly overridden as /home/codeql/project/none
[2026-05-07 11:06:53] [DETAILS] resolve library-path> Library path was overridden on command line.
[2026-05-07 11:06:53] Plumbing command codeql resolve library-path completed:
                      {
                        "libraryPath" : [
                          "/home/codeql/project/none"
                        ],
                        "dbscheme" : "/home/codeql/project/none",
                        "compilationCache" : [
                          "/usr/local/codeql-home/LintQ/codeql/src/.cache"
                        ],
                        "relativeName" : "mattepalte/qlint/Optimization/OpAfterOptimization.ql",
                        "qlPackName" : "mattepalte/qlint"
                      }
[2026-05-07 11:06:53] [DETAILS] database interpret-results>  ... found results file at /home/codeql/project/data/ConstClasBit_db/results/mattepalte/qlint/Optimization/OpAfterOptimization.bqrs.
[2026-05-07 11:06:53] [DETAILS] database interpret-results> Interpreted problem query "Operations after optimization." (ql-op-after-optimization) at path /usr/local/codeql-home/LintQ/codeql/src/Optimization/OpAfterOptimization.ql.
[2026-05-07 11:06:53] [PROGRESS] database interpret-results> Interpreting /usr/local/codeql-home/LintQ/codeql/src/Resource/ConstantClassicBit.ql...
[2026-05-07 11:06:53] Calling plumbing command: codeql resolve library-path --query=/usr/local/codeql-home/LintQ/codeql/src/Resource/ConstantClassicBit.ql --full-library-path=none --dbscheme=none --format=json
[2026-05-07 11:06:53] [DETAILS] resolve library-path> Resolving query at normalized path /usr/local/codeql-home/LintQ/codeql/src/Resource/ConstantClassicBit.ql.
[2026-05-07 11:06:53] [DETAILS] resolve library-path> Found enclosing pack 'mattepalte/qlint' at /usr/local/codeql-home/LintQ/codeql/src.
[2026-05-07 11:06:53] [DETAILS] resolve library-path> Adding compilation cache at /usr/local/codeql-home/LintQ/codeql/src/.cache.
[2026-05-07 11:06:53] [DETAILS] resolve library-path> Dbscheme was explicitly overridden as /home/codeql/project/none
[2026-05-07 11:06:53] [DETAILS] resolve library-path> Library path was overridden on command line.
[2026-05-07 11:06:53] Plumbing command codeql resolve library-path completed:
                      {
                        "libraryPath" : [
                          "/home/codeql/project/none"
                        ],
                        "dbscheme" : "/home/codeql/project/none",
                        "compilationCache" : [
                          "/usr/local/codeql-home/LintQ/codeql/src/.cache"
                        ],
                        "relativeName" : "mattepalte/qlint/Resource/ConstantClassicBit.ql",
                        "qlPackName" : "mattepalte/qlint"
                      }
[2026-05-07 11:06:53] [DETAILS] database interpret-results>  ... found results file at /home/codeql/project/data/ConstClasBit_db/results/mattepalte/qlint/Resource/ConstantClassicBit.bqrs.
[2026-05-07 11:06:53] [DETAILS] database interpret-results> Interpreted problem query "Constant Classic Bit" (ql-constant-classic-bit) at path /usr/local/codeql-home/LintQ/codeql/src/Resource/ConstantClassicBit.ql.
[2026-05-07 11:06:53] [PROGRESS] database interpret-results> Interpreting /usr/local/codeql-home/LintQ/codeql/src/Resource/OversizedCircuit.ql...
[2026-05-07 11:06:53] Calling plumbing command: codeql resolve library-path --query=/usr/local/codeql-home/LintQ/codeql/src/Resource/OversizedCircuit.ql --full-library-path=none --dbscheme=none --format=json
[2026-05-07 11:06:53] [DETAILS] resolve library-path> Resolving query at normalized path /usr/local/codeql-home/LintQ/codeql/src/Resource/OversizedCircuit.ql.
[2026-05-07 11:06:53] [DETAILS] resolve library-path> Found enclosing pack 'mattepalte/qlint' at /usr/local/codeql-home/LintQ/codeql/src.
[2026-05-07 11:06:53] [DETAILS] resolve library-path> Adding compilation cache at /usr/local/codeql-home/LintQ/codeql/src/.cache.
[2026-05-07 11:06:53] [DETAILS] resolve library-path> Dbscheme was explicitly overridden as /home/codeql/project/none
[2026-05-07 11:06:53] [DETAILS] resolve library-path> Library path was overridden on command line.
[2026-05-07 11:06:53] Plumbing command codeql resolve library-path completed:
                      {
                        "libraryPath" : [
                          "/home/codeql/project/none"
                        ],
                        "dbscheme" : "/home/codeql/project/none",
                        "compilationCache" : [
                          "/usr/local/codeql-home/LintQ/codeql/src/.cache"
                        ],
                        "relativeName" : "mattepalte/qlint/Resource/OversizedCircuit.ql",
                        "qlPackName" : "mattepalte/qlint"
                      }
[2026-05-07 11:06:53] [DETAILS] database interpret-results>  ... found results file at /home/codeql/project/data/ConstClasBit_db/results/mattepalte/qlint/Resource/OversizedCircuit.bqrs.
[2026-05-07 11:06:53] [DETAILS] database interpret-results> Interpreted problem query "Oversized circuit." (ql-oversized-circuit) at path /usr/local/codeql-home/LintQ/codeql/src/Resource/OversizedCircuit.ql.
[2026-05-07 11:06:53] [PROGRESS] database interpret-results> Interpreting /usr/local/codeql-home/LintQ/codeql/src/Resource/UnmeasurableQubits.ql...
[2026-05-07 11:06:53] Calling plumbing command: codeql resolve library-path --query=/usr/local/codeql-home/LintQ/codeql/src/Resource/UnmeasurableQubits.ql --full-library-path=none --dbscheme=none --format=json
[2026-05-07 11:06:53] [DETAILS] resolve library-path> Resolving query at normalized path /usr/local/codeql-home/LintQ/codeql/src/Resource/UnmeasurableQubits.ql.
[2026-05-07 11:06:53] [DETAILS] resolve library-path> Found enclosing pack 'mattepalte/qlint' at /usr/local/codeql-home/LintQ/codeql/src.
[2026-05-07 11:06:53] [DETAILS] resolve library-path> Adding compilation cache at /usr/local/codeql-home/LintQ/codeql/src/.cache.
[2026-05-07 11:06:53] [DETAILS] resolve library-path> Dbscheme was explicitly overridden as /home/codeql/project/none
[2026-05-07 11:06:53] [DETAILS] resolve library-path> Library path was overridden on command line.
[2026-05-07 11:06:53] Plumbing command codeql resolve library-path completed:
                      {
                        "libraryPath" : [
                          "/home/codeql/project/none"
                        ],
                        "dbscheme" : "/home/codeql/project/none",
                        "compilationCache" : [
                          "/usr/local/codeql-home/LintQ/codeql/src/.cache"
                        ],
                        "relativeName" : "mattepalte/qlint/Resource/UnmeasurableQubits.ql",
                        "qlPackName" : "mattepalte/qlint"
                      }
[2026-05-07 11:06:53] [DETAILS] database interpret-results>  ... found results file at /home/codeql/project/data/ConstClasBit_db/results/mattepalte/qlint/Resource/UnmeasurableQubits.bqrs.
[2026-05-07 11:06:53] [DETAILS] database interpret-results> Interpreted problem query "Unmeasurable qubits." (ql-unmeasurable-qubits) at path /usr/local/codeql-home/LintQ/codeql/src/Resource/UnmeasurableQubits.ql.
[2026-05-07 11:06:57] [SPAMMY] database interpret-results> Skipping location 'file:///usr/lib/python3/dist-packages/qiskit/quantum_info/synthesis/two_qubit_decompose.py:385:16:385:64' since it is outside the source archive.
[2026-05-07 11:06:57] [SPAMMY] database interpret-results> Skipping location 'file:///usr/lib/python3/dist-packages/qiskit/quantum_info/synthesis/two_qubit_decompose.py:641:16:641:75' since it is outside the source archive.
[2026-05-07 11:06:57] [SPAMMY] database interpret-results> Skipping location 'file:///usr/lib/python3/dist-packages/qiskit/quantum_info/synthesis/xx_decompose/embodiments.py:41:15:41:31' since it is outside the source archive.
[2026-05-07 11:06:57] [SPAMMY] database interpret-results> Skipping location 'file:///usr/lib/python3/dist-packages/qiskit/quantum_info/synthesis/xx_decompose/embodiments.py:45:15:45:31' since it is outside the source archive.
[2026-05-07 11:06:57] [SPAMMY] database interpret-results> Skipping location 'file:///usr/lib/python3/dist-packages/qiskit/quantum_info/synthesis/xx_decompose/embodiments.py:53:15:53:31' since it is outside the source archive.
[2026-05-07 11:06:57] [SPAMMY] database interpret-results> Skipping location 'file:///usr/lib/python3/dist-packages/qiskit/quantum_info/synthesis/xx_decompose/embodiments.py:58:15:58:31' since it is outside the source archive.
[2026-05-07 11:06:57] [SPAMMY] database interpret-results> Skipping location 'file:///usr/lib/python3/dist-packages/qiskit/quantum_info/synthesis/xx_decompose/embodiments.py:65:18:65:34' since it is outside the source archive.
[2026-05-07 11:06:57] [SPAMMY] database interpret-results> Skipping location 'file:///usr/lib/python3/dist-packages/qiskit/quantum_info/synthesis/xx_decompose/embodiments.py:75:15:75:31' since it is outside the source archive.
[2026-05-07 11:06:57] [SPAMMY] database interpret-results> Skipping location 'file:///usr/lib/python3/dist-packages/qiskit/quantum_info/synthesis/xx_decompose/embodiments.py:83:15:83:31' since it is outside the source archive.
[2026-05-07 11:06:57] [SPAMMY] database interpret-results> Skipping location 'file:///usr/lib/python3/dist-packages/qiskit/quantum_info/synthesis/xx_decompose/embodiments.py:89:15:89:31' since it is outside the source archive.
[2026-05-07 11:06:57] [SPAMMY] database interpret-results> Skipping location 'file:///usr/lib/python3/dist-packages/qiskit/quantum_info/synthesis/xx_decompose/embodiments.py:97:14:97:30' since it is outside the source archive.
[2026-05-07 11:06:57] [SPAMMY] database interpret-results> Skipping location 'file:///usr/lib/python3/dist-packages/qiskit/quantum_info/synthesis/xx_decompose/embodiments.py:107:14:107:30' since it is outside the source archive.
[2026-05-07 11:06:57] [SPAMMY] database interpret-results> Skipping location 'file:///usr/lib/python3/dist-packages/qiskit/quantum_info/synthesis/xx_decompose/embodiments.py:115:14:115:30' since it is outside the source archive.
[2026-05-07 11:06:57] [SPAMMY] database interpret-results> Skipping location 'file:///usr/lib/python3/dist-packages/qiskit/quantum_info/synthesis/xx_decompose/embodiments.py:125:14:125:30' since it is outside the source archive.
[2026-05-07 11:06:57] [SPAMMY] database interpret-results> Skipping location 'file:///usr/lib/python3/dist-packages/qiskit/quantum_info/synthesis/xx_decompose/embodiments.py:139:15:139:31' since it is outside the source archive.
[2026-05-07 11:06:57] [SPAMMY] database interpret-results> Skipping location 'file:///usr/lib/python3/dist-packages/qiskit/circuit/library/standard_gates/equivalence_library.py:94:9:94:25' since it is outside the source archive.
[2026-05-07 11:06:57] [SPAMMY] database interpret-results> Skipping location 'file:///usr/lib/python3/dist-packages/qiskit/circuit/library/standard_gates/equivalence_library.py:105:10:105:26' since it is outside the source archive.
[2026-05-07 11:06:57] [SPAMMY] database interpret-results> Skipping location 'file:///usr/lib/python3/dist-packages/qiskit/circuit/library/standard_gates/equivalence_library.py:125:15:125:31' since it is outside the source archive.
[2026-05-07 11:06:57] [SPAMMY] database interpret-results> Skipping location 'file:///usr/lib/python3/dist-packages/qiskit/circuit/library/standard_gates/equivalence_library.py:131:14:131:30' since it is outside the source archive.
[2026-05-07 11:06:57] [SPAMMY] database interpret-results> Skipping location 'file:///usr/lib/python3/dist-packages/qiskit/circuit/library/standard_gates/equivalence_library.py:143:14:143:30' since it is outside the source archive.
[2026-05-07 11:06:57] [SPAMMY] database interpret-results> Skipping location 'file:///usr/lib/python3/dist-packages/qiskit/circuit/library/standard_gates/equivalence_library.py:158:17:158:33' since it is outside the source archive.
[2026-05-07 11:06:57] [SPAMMY] database interpret-results> Skipping location 'file:///usr/lib/python3/dist-packages/qiskit/circuit/library/standard_gates/equivalence_library.py:170:9:170:25' since it is outside the source archive.
[2026-05-07 11:06:57] [SPAMMY] database interpret-results> Skipping location 'file:///usr/lib/python3/dist-packages/qiskit/circuit/library/standard_gates/equivalence_library.py:176:10:176:26' since it is outside the source archive.
[2026-05-07 11:06:57] [SPAMMY] database interpret-results> Skipping location 'file:///usr/lib/python3/dist-packages/qiskit/circuit/library/standard_gates/equivalence_library.py:181:13:181:29' since it is outside the source archive.
[2026-05-07 11:06:57] [SPAMMY] database interpret-results> Skipping location 'file:///usr/lib/python3/dist-packages/qiskit/circuit/library/standard_gates/equivalence_library.py:186:13:186:29' since it is outside the source archive.
[2026-05-07 11:06:57] [SPAMMY] database interpret-results> Skipping location 'file:///usr/lib/python3/dist-packages/qiskit/circuit/library/standard_gates/equivalence_library.py:191:13:191:29' since it is outside the source archive.
[2026-05-07 11:06:57] [SPAMMY] database interpret-results> Skipping location 'file:///usr/lib/python3/dist-packages/qiskit/circuit/library/standard_gates/equivalence_library.py:205:12:205:28' since it is outside the source archive.
[2026-05-07 11:06:57] [SPAMMY] database interpret-results> Skipping location 'file:///usr/lib/python3/dist-packages/qiskit/circuit/library/standard_gates/equivalence_library.py:227:10:227:26' since it is outside the source archive.
[2026-05-07 11:06:57] [SPAMMY] database interpret-results> Skipping location 'file:///usr/lib/python3/dist-packages/qiskit/circuit/library/standard_gates/equivalence_library.py:239:11:239:27' since it is outside the source archive.
[2026-05-07 11:06:57] [SPAMMY] database interpret-results> Skipping location 'file:///usr/lib/python3/dist-packages/qiskit/circuit/library/standard_gates/equivalence_library.py:258:16:258:32' since it is outside the source archive.
[2026-05-07 11:06:57] [SPAMMY] database interpret-results> Skipping location 'file:///usr/lib/python3/dist-packages/qiskit/circuit/library/standard_gates/equivalence_library.py:277:14:277:30' since it is outside the source archive.
[2026-05-07 11:06:57] [SPAMMY] database interpret-results> Skipping location 'file:///usr/lib/python3/dist-packages/qiskit/circuit/library/standard_gates/equivalence_library.py:291:14:291:30' since it is outside the source archive.
[2026-05-07 11:06:57] [SPAMMY] database interpret-results> Skipping location 'file:///usr/lib/python3/dist-packages/qiskit/circuit/library/standard_gates/equivalence_library.py:306:11:306:27' since it is outside the source archive.
[2026-05-07 11:06:57] [SPAMMY] database interpret-results> Skipping location 'file:///usr/lib/python3/dist-packages/qiskit/circuit/library/standard_gates/equivalence_library.py:326:14:326:30' since it is outside the source archive.
[2026-05-07 11:06:57] [SPAMMY] database interpret-results> Skipping location 'file:///usr/lib/python3/dist-packages/qiskit/circuit/library/standard_gates/equivalence_library.py:336:14:336:30' since it is outside the source archive.
[2026-05-07 11:06:57] [SPAMMY] database interpret-results> Skipping location 'file:///usr/lib/python3/dist-packages/qiskit/circuit/library/standard_gates/equivalence_library.py:356:11:356:27' since it is outside the source archive.
[2026-05-07 11:06:57] [SPAMMY] database interpret-results> Skipping location 'file:///usr/lib/python3/dist-packages/qiskit/circuit/library/standard_gates/equivalence_library.py:375:10:375:26' since it is outside the source archive.
[2026-05-07 11:06:57] [SPAMMY] database interpret-results> Skipping location 'file:///usr/lib/python3/dist-packages/qiskit/circuit/library/standard_gates/equivalence_library.py:380:12:380:28' since it is outside the source archive.
[2026-05-07 11:06:57] [SPAMMY] database interpret-results> Skipping location 'file:///usr/lib/python3/dist-packages/qiskit/circuit/library/standard_gates/equivalence_library.py:394:11:394:27' since it is outside the source archive.
[2026-05-07 11:06:57] [SPAMMY] database interpret-results> Skipping location 'file:///usr/lib/python3/dist-packages/qiskit/circuit/library/standard_gates/equivalence_library.py:411:14:411:30' since it is outside the source archive.
[2026-05-07 11:06:57] [SPAMMY] database interpret-results> Skipping location 'file:///usr/lib/python3/dist-packages/qiskit/circuit/library/standard_gates/equivalence_library.py:424:14:424:30' since it is outside the source archive.
[2026-05-07 11:06:57] [SPAMMY] database interpret-results> Skipping location 'file:///usr/lib/python3/dist-packages/qiskit/circuit/library/standard_gates/equivalence_library.py:438:14:438:30' since it is outside the source archive.
[2026-05-07 11:06:57] [SPAMMY] database interpret-results> Skipping location 'file:///usr/lib/python3/dist-packages/qiskit/circuit/library/standard_gates/equivalence_library.py:456:11:456:27' since it is outside the source archive.
[2026-05-07 11:06:57] [SPAMMY] database interpret-results> Skipping location 'file:///usr/lib/python3/dist-packages/qiskit/circuit/library/standard_gates/equivalence_library.py:472:14:472:30' since it is outside the source archive.
[2026-05-07 11:06:57] [SPAMMY] database interpret-results> Skipping location 'file:///usr/lib/python3/dist-packages/qiskit/circuit/library/standard_gates/equivalence_library.py:486:14:486:30' since it is outside the source archive.
[2026-05-07 11:06:57] [SPAMMY] database interpret-results> Skipping location 'file:///usr/lib/python3/dist-packages/qiskit/circuit/library/standard_gates/equivalence_library.py:504:10:504:51' since it is outside the source archive.
[2026-05-07 11:06:57] [SPAMMY] database interpret-results> Skipping location 'file:///usr/lib/python3/dist-packages/qiskit/circuit/library/standard_gates/equivalence_library.py:514:14:514:30' since it is outside the source archive.
[2026-05-07 11:06:57] [SPAMMY] database interpret-results> Skipping location 'file:///usr/lib/python3/dist-packages/qiskit/circuit/library/standard_gates/equivalence_library.py:521:12:521:28' since it is outside the source archive.
[2026-05-07 11:06:57] [SPAMMY] database interpret-results> Skipping location 'file:///usr/lib/python3/dist-packages/qiskit/circuit/library/standard_gates/equivalence_library.py:535:11:535:27' since it is outside the source archive.
[2026-05-07 11:06:57] [SPAMMY] database interpret-results> Skipping location 'file:///usr/lib/python3/dist-packages/qiskit/circuit/library/standard_gates/equivalence_library.py:552:14:552:30' since it is outside the source archive.
[2026-05-07 11:06:57] [SPAMMY] database interpret-results> Skipping location 'file:///usr/lib/python3/dist-packages/qiskit/circuit/library/standard_gates/equivalence_library.py:565:14:565:30' since it is outside the source archive.
[2026-05-07 11:06:57] [SPAMMY] database interpret-results> Skipping location 'file:///usr/lib/python3/dist-packages/qiskit/circuit/library/standard_gates/equivalence_library.py:578:14:578:30' since it is outside the source archive.
[2026-05-07 11:06:57] [SPAMMY] database interpret-results> Skipping location 'file:///usr/lib/python3/dist-packages/qiskit/circuit/library/standard_gates/equivalence_library.py:591:11:591:27' since it is outside the source archive.
[2026-05-07 11:06:57] [SPAMMY] database interpret-results> Skipping location 'file:///usr/lib/python3/dist-packages/qiskit/circuit/library/standard_gates/equivalence_library.py:603:14:603:30' since it is outside the source archive.
[2026-05-07 11:06:57] [SPAMMY] database interpret-results> Skipping location 'file:///usr/lib/python3/dist-packages/qiskit/circuit/library/standard_gates/equivalence_library.py:621:14:621:30' since it is outside the source archive.
[2026-05-07 11:06:57] [SPAMMY] database interpret-results> Skipping location 'file:///usr/lib/python3/dist-packages/qiskit/circuit/library/standard_gates/equivalence_library.py:630:14:630:30' since it is outside the source archive.
[2026-05-07 11:06:57] [SPAMMY] database interpret-results> Skipping location 'file:///usr/lib/python3/dist-packages/qiskit/circuit/library/standard_gates/equivalence_library.py:650:11:650:27' since it is outside the source archive.
[2026-05-07 11:06:57] [SPAMMY] database interpret-results> Skipping location 'file:///usr/lib/python3/dist-packages/qiskit/circuit/library/standard_gates/equivalence_library.py:669:11:669:27' since it is outside the source archive.
[2026-05-07 11:06:57] [SPAMMY] database interpret-results> Skipping location 'file:///usr/lib/python3/dist-packages/qiskit/circuit/library/standard_gates/equivalence_library.py:688:17:688:55' since it is outside the source archive.
[2026-05-07 11:06:57] [SPAMMY] database interpret-results> Skipping location 'file:///usr/lib/python3/dist-packages/qiskit/circuit/library/standard_gates/equivalence_library.py:707:23:707:60' since it is outside the source archive.
[2026-05-07 11:06:57] [SPAMMY] database interpret-results> Skipping location 'file:///usr/lib/python3/dist-packages/qiskit/circuit/library/standard_gates/equivalence_library.py:723:9:723:25' since it is outside the source archive.
[2026-05-07 11:06:57] [SPAMMY] database interpret-results> Skipping location 'file:///usr/lib/python3/dist-packages/qiskit/circuit/library/standard_gates/equivalence_library.py:733:11:733:27' since it is outside the source archive.
[2026-05-07 11:06:57] [SPAMMY] database interpret-results> Skipping location 'file:///usr/lib/python3/dist-packages/qiskit/circuit/library/standard_gates/equivalence_library.py:744:10:744:26' since it is outside the source archive.
[2026-05-07 11:06:57] [SPAMMY] database interpret-results> Skipping location 'file:///usr/lib/python3/dist-packages/qiskit/circuit/library/standard_gates/equivalence_library.py:757:12:757:28' since it is outside the source archive.
[2026-05-07 11:06:57] [SPAMMY] database interpret-results> Skipping location 'file:///usr/lib/python3/dist-packages/qiskit/circuit/library/standard_gates/equivalence_library.py:770:11:770:27' since it is outside the source archive.
[2026-05-07 11:06:57] [SPAMMY] database interpret-results> Skipping location 'file:///usr/lib/python3/dist-packages/qiskit/circuit/library/standard_gates/equivalence_library.py:784:11:784:27' since it is outside the source archive.
[2026-05-07 11:06:57] [SPAMMY] database interpret-results> Skipping location 'file:///usr/lib/python3/dist-packages/qiskit/circuit/library/standard_gates/equivalence_library.py:798:11:798:27' since it is outside the source archive.
[2026-05-07 11:06:57] [SPAMMY] database interpret-results> Skipping location 'file:///usr/lib/python3/dist-packages/qiskit/circuit/library/standard_gates/equivalence_library.py:814:12:814:28' since it is outside the source archive.
[2026-05-07 11:06:57] [SPAMMY] database interpret-results> Skipping location 'file:///usr/lib/python3/dist-packages/qiskit/circuit/library/standard_gates/equivalence_library.py:831:13:831:29' since it is outside the source archive.
[2026-05-07 11:06:57] [SPAMMY] database interpret-results> Skipping location 'file:///usr/lib/python3/dist-packages/qiskit/circuit/library/standard_gates/equivalence_library.py:849:10:849:47' since it is outside the source archive.
[2026-05-07 11:06:57] [SPAMMY] database interpret-results> Skipping location 'file:///usr/lib/python3/dist-packages/qiskit/circuit/library/standard_gates/equivalence_library.py:860:15:860:53' since it is outside the source archive.
[2026-05-07 11:06:57] [SPAMMY] database interpret-results> Skipping location 'file:///usr/lib/python3/dist-packages/qiskit/circuit/library/standard_gates/equivalence_library.py:871:12:871:49' since it is outside the source archive.
[2026-05-07 11:06:57] [SPAMMY] database interpret-results> Skipping location 'file:///usr/lib/python3/dist-packages/qiskit/circuit/library/standard_gates/equivalence_library.py:881:12:881:50' since it is outside the source archive.
[2026-05-07 11:06:57] [SPAMMY] database interpret-results> Skipping location 'file:///usr/lib/python3/dist-packages/qiskit/circuit/library/standard_gates/equivalence_library.py:892:17:892:54' since it is outside the source archive.
[2026-05-07 11:06:57] [SPAMMY] database interpret-results> Skipping location 'file:///usr/lib/python3/dist-packages/qiskit/circuit/library/standard_gates/equivalence_library.py:907:14:907:52' since it is outside the source archive.
[2026-05-07 11:06:57] [SPAMMY] database interpret-results> Skipping location 'file:///usr/lib/python3/dist-packages/qiskit/circuit/library/standard_gates/equivalence_library.py:918:11:918:27' since it is outside the source archive.
[2026-05-07 11:06:57] [SPAMMY] database interpret-results> Skipping location 'file:///usr/lib/python3/dist-packages/qiskit/circuit/library/standard_gates/equivalence_library.py:935:15:935:52' since it is outside the source archive.
[2026-05-07 11:06:57] [SPAMMY] database interpret-results> Skipping location 'file:///usr/lib/python3/dist-packages/qiskit/circuit/library/standard_gates/equivalence_library.py:955:11:955:27' since it is outside the source archive.
[2026-05-07 11:06:57] [SPAMMY] database interpret-results> Skipping location 'file:///usr/lib/python3/dist-packages/qiskit/circuit/library/standard_gates/equivalence_library.py:968:16:968:32' since it is outside the source archive.
[2026-05-07 11:06:57] [SPAMMY] database interpret-results> Skipping location 'file:///usr/lib/python3/dist-packages/qiskit/circuit/library/standard_gates/equivalence_library.py:988:13:988:29' since it is outside the source archive.
[2026-05-07 11:06:57] [SPAMMY] database interpret-results> Skipping location 'file:///usr/lib/python3/dist-packages/qiskit/circuit/library/standard_gates/equivalence_library.py:1003:9:1003:25' since it is outside the source archive.
[2026-05-07 11:06:57] [SPAMMY] database interpret-results> Skipping location 'file:///usr/lib/python3/dist-packages/qiskit/circuit/library/standard_gates/equivalence_library.py:1013:11:1013:27' since it is outside the source archive.
[2026-05-07 11:06:57] [SPAMMY] database interpret-results> Skipping location 'file:///usr/lib/python3/dist-packages/qiskit/circuit/library/standard_gates/equivalence_library.py:1026:11:1026:27' since it is outside the source archive.
[2026-05-07 11:06:57] [SPAMMY] database interpret-results> Skipping location 'file:///usr/lib/python3/dist-packages/qiskit/circuit/library/standard_gates/equivalence_library.py:1046:10:1046:26' since it is outside the source archive.
[2026-05-07 11:06:57] [SPAMMY] database interpret-results> Skipping location 'file:///usr/lib/python3/dist-packages/qiskit/circuit/library/standard_gates/equivalence_library.py:1067:13:1067:29' since it is outside the source archive.
[2026-05-07 11:06:57] [SPAMMY] database interpret-results> Skipping location 'file:///usr/lib/python3/dist-packages/qiskit/circuit/library/standard_gates/equivalence_library.py:1079:10:1079:26' since it is outside the source archive.
[2026-05-07 11:06:57] [SPAMMY] database interpret-results> Skipping location 'file:///usr/lib/python3/dist-packages/qiskit/circuit/library/standard_gates/equivalence_library.py:1090:15:1090:31' since it is outside the source archive.
[2026-05-07 11:06:57] [SPAMMY] database interpret-results> Skipping location 'file:///usr/lib/python3/dist-packages/qiskit/circuit/library/standard_gates/equivalence_library.py:1101:12:1101:52' since it is outside the source archive.
[2026-05-07 11:06:57] [SPAMMY] database interpret-results> Skipping location 'file:///usr/lib/python3/dist-packages/qiskit/circuit/library/standard_gates/equivalence_library.py:1113:11:1113:27' since it is outside the source archive.
[2026-05-07 11:06:57] [SPAMMY] database interpret-results> Skipping location 'file:///usr/lib/python3/dist-packages/qiskit/circuit/library/standard_gates/equivalence_library.py:1132:10:1132:26' since it is outside the source archive.
[2026-05-07 11:06:57] [SPAMMY] database interpret-results> Skipping location 'file:///usr/lib/python3/dist-packages/qiskit/circuit/library/standard_gates/equivalence_library.py:1144:14:1144:52' since it is outside the source archive.
[2026-05-07 11:06:57] [SPAMMY] database interpret-results> Skipping location 'file:///usr/lib/python3/dist-packages/qiskit/circuit/library/standard_gates/equivalence_library.py:1159:15:1159:66' since it is outside the source archive.
[2026-05-07 11:06:57] [SPAMMY] database interpret-results> Skipping location 'file:///usr/lib/python3/dist-packages/qiskit/circuit/library/standard_gates/equivalence_library.py:1176:11:1176:27' since it is outside the source archive.
[2026-05-07 11:06:57] [SPAMMY] database interpret-results> Skipping location 'file:///usr/lib/python3/dist-packages/qiskit/circuit/library/standard_gates/equivalence_library.py:1195:11:1195:27' since it is outside the source archive.
[2026-05-07 11:06:57] [SPAMMY] database interpret-results> Skipping location 'file:///usr/lib/python3/dist-packages/qiskit/circuit/library/standard_gates/equivalence_library.py:1211:13:1211:29' since it is outside the source archive.
[2026-05-07 11:06:57] [SPAMMY] database interpret-results> Skipping location 'file:///usr/lib/python3/dist-packages/qiskit/circuit/library/standard_gates/equivalence_library.py:1221:9:1221:25' since it is outside the source archive.
[2026-05-07 11:06:57] [SPAMMY] database interpret-results> Skipping location 'file:///usr/lib/python3/dist-packages/qiskit/circuit/library/standard_gates/equivalence_library.py:1231:9:1231:25' since it is outside the source archive.
[2026-05-07 11:06:57] [SPAMMY] database interpret-results> Skipping location 'file:///usr/lib/python3/dist-packages/qiskit/circuit/library/standard_gates/equivalence_library.py:1246:9:1246:46' since it is outside the source archive.
[2026-05-07 11:06:57] [SPAMMY] database interpret-results> Skipping location 'file:///usr/lib/python3/dist-packages/qiskit/circuit/library/standard_gates/equivalence_library.py:1265:12:1265:28' since it is outside the source archive.
[2026-05-07 11:06:57] [SPAMMY] database interpret-results> Skipping location 'file:///usr/lib/python3/dist-packages/qiskit/circuit/library/standard_gates/equivalence_library.py:1282:15:1282:56' since it is outside the source archive.
[2026-05-07 11:06:57] [SPAMMY] database interpret-results> Skipping location 'file:///usr/lib/python3/dist-packages/qiskit/circuit/library/standard_gates/equivalence_library.py:1309:13:1309:51' since it is outside the source archive.
[2026-05-07 11:06:57] [SPAMMY] database interpret-results> Skipping location 'file:///usr/lib/python3/dist-packages/qiskit/circuit/library/standard_gates/equivalence_library.py:1325:12:1325:28' since it is outside the source archive.
[2026-05-07 11:06:57] [SPAMMY] database interpret-results> Skipping location 'file:///usr/lib/python3/dist-packages/qiskit/circuit/library/standard_gates/equivalence_library.py:1341:13:1341:29' since it is outside the source archive.
[2026-05-07 11:06:57] [SPAMMY] database interpret-results> Skipping location 'file:///usr/lib/python3/dist-packages/qiskit/circuit/library/standard_gates/equivalence_library.py:1359:14:1359:51' since it is outside the source archive.
[2026-05-07 11:06:57] [SPAMMY] database interpret-results> Skipping location 'file:///usr/lib/python3/dist-packages/qiskit/circuit/library/standard_gates/equivalence_library.py:1377:11:1377:27' since it is outside the source archive.
[2026-05-07 11:06:57] [SPAMMY] database interpret-results> Skipping location 'file:///usr/lib/python3/dist-packages/qiskit/circuit/library/standard_gates/equivalence_library.py:1407:17:1407:33' since it is outside the source archive.
[2026-05-07 11:06:57] [SPAMMY] database interpret-results> Skipping location 'file:///usr/lib/python3/dist-packages/qiskit/circuit/library/standard_gates/equivalence_library.py:1427:9:1427:25' since it is outside the source archive.
[2026-05-07 11:06:57] [SPAMMY] database interpret-results> Skipping location 'file:///usr/lib/python3/dist-packages/qiskit/circuit/library/standard_gates/equivalence_library.py:1437:9:1437:25' since it is outside the source archive.
[2026-05-07 11:06:57] [SPAMMY] database interpret-results> Skipping location 'file:///usr/lib/python3/dist-packages/qiskit/circuit/library/standard_gates/equivalence_library.py:1456:9:1456:25' since it is outside the source archive.
[2026-05-07 11:06:57] [SPAMMY] database interpret-results> Skipping location 'file:///usr/lib/python3/dist-packages/qiskit/circuit/library/standard_gates/equivalence_library.py:1474:9:1474:46' since it is outside the source archive.
[2026-05-07 11:06:57] [SPAMMY] database interpret-results> Skipping location 'file:///usr/lib/python3/dist-packages/qiskit/circuit/library/standard_gates/equivalence_library.py:1486:10:1486:26' since it is outside the source archive.
[2026-05-07 11:06:57] [SPAMMY] database interpret-results> Skipping location 'file:///usr/lib/python3/dist-packages/qiskit/circuit/library/standard_gates/equivalence_library.py:1501:9:1501:25' since it is outside the source archive.
[2026-05-07 11:06:57] [SPAMMY] database interpret-results> Skipping location 'file:///usr/lib/python3/dist-packages/qiskit/circuit/library/standard_gates/equivalence_library.py:1511:9:1511:25' since it is outside the source archive.
[2026-05-07 11:06:57] [SPAMMY] database interpret-results> Skipping location 'file:///usr/lib/python3/dist-packages/qiskit/circuit/library/standard_gates/equivalence_library.py:1524:9:1524:46' since it is outside the source archive.
[2026-05-07 11:06:57] [SPAMMY] database interpret-results> Skipping location 'file:///usr/lib/python3/dist-packages/qiskit/circuit/library/standard_gates/equivalence_library.py:1536:10:1536:26' since it is outside the source archive.
[2026-05-07 11:06:57] [SPAMMY] database interpret-results> Skipping location 'file:///usr/lib/python3/dist-packages/qiskit/circuit/library/standard_gates/equivalence_library.py:1554:11:1554:27' since it is outside the source archive.
[2026-05-07 11:06:57] [SPAMMY] database interpret-results> Skipping location 'file:///usr/lib/python3/dist-packages/qiskit/circuit/library/standard_gates/equivalence_library.py:1569:11:1569:27' since it is outside the source archive.
[2026-05-07 11:06:57] [SPAMMY] database interpret-results> Skipping location 'file:///usr/lib/python3/dist-packages/qiskit/circuit/library/standard_gates/equivalence_library.py:1580:11:1580:27' since it is outside the source archive.
[2026-05-07 11:06:57] [SPAMMY] database interpret-results> Skipping location 'file:///usr/lib/python3/dist-packages/qiskit/circuit/library/standard_gates/equivalence_library.py:1591:13:1591:29' since it is outside the source archive.
[2026-05-07 11:06:57] [SPAMMY] database interpret-results> Skipping location 'file:///usr/lib/python3/dist-packages/qiskit/circuit/library/standard_gates/equivalence_library.py:1603:11:1603:27' since it is outside the source archive.
[2026-05-07 11:06:57] [SPAMMY] database interpret-results> Skipping location 'file:///usr/lib/python3/dist-packages/qiskit/circuit/library/standard_gates/equivalence_library.py:1621:12:1621:28' since it is outside the source archive.
[2026-05-07 11:06:57] [SPAMMY] database interpret-results> Skipping location 'file:///usr/lib/python3/dist-packages/qiskit/circuit/library/standard_gates/equivalence_library.py:1656:13:1656:29' since it is outside the source archive.
[2026-05-07 11:06:57] [SPAMMY] database interpret-results> Skipping location 'file:///usr/lib/python3/dist-packages/qiskit/circuit/library/n_local/excitation_preserving.py:144:16:144:52' since it is outside the source archive.
[2026-05-07 11:06:57] [SPAMMY] database interpret-results> Skipping location 'file:///usr/lib/python3/dist-packages/qiskit/quantum_info/synthesis/two_qubit_decompose.py:591:20:591:36' since it is outside the source archive.
[2026-05-07 11:06:57] [SPAMMY] database interpret-results> Skipping location 'file:///usr/lib/python3/dist-packages/qiskit/quantum_info/synthesis/two_qubit_decompose.py:595:20:595:36' since it is outside the source archive.
[2026-05-07 11:06:57] [SPAMMY] database interpret-results> Skipping location 'file:///usr/lib/python3/dist-packages/qiskit/quantum_info/synthesis/two_qubit_decompose.py:694:24:694:40' since it is outside the source archive.
[2026-05-07 11:06:57] [SPAMMY] database interpret-results> Skipping location 'file:///usr/lib/python3/dist-packages/qiskit/quantum_info/synthesis/two_qubit_decompose.py:714:24:714:40' since it is outside the source archive.
[2026-05-07 11:06:57] [SPAMMY] database interpret-results> Skipping location 'file:///usr/lib/python3/dist-packages/qiskit/quantum_info/synthesis/two_qubit_decompose.py:1227:16:1227:32' since it is outside the source archive.
[2026-05-07 11:06:57] [SPAMMY] database interpret-results> Skipping location 'file:///usr/lib/python3/dist-packages/qiskit/quantum_info/synthesis/two_qubit_decompose.py:1236:16:1236:32' since it is outside the source archive.
[2026-05-07 11:06:57] [SPAMMY] database interpret-results> Skipping location 'file:///usr/lib/python3/dist-packages/qiskit/quantum_info/synthesis/two_qubit_decompose.py:1255:16:1255:32' since it is outside the source archive.
[2026-05-07 11:06:57] [SPAMMY] database interpret-results> Skipping location 'file:///usr/lib/python3/dist-packages/qiskit/quantum_info/synthesis/two_qubit_decompose.py:1261:16:1261:32' since it is outside the source archive.
[2026-05-07 11:06:57] [SPAMMY] database interpret-results> Skipping location 'file:///usr/lib/python3/dist-packages/qiskit/quantum_info/synthesis/two_qubit_decompose.py:1389:16:1389:32' since it is outside the source archive.
[2026-05-07 11:06:57] [SPAMMY] database interpret-results> Skipping location 'file:///usr/lib/python3/dist-packages/qiskit/quantum_info/synthesis/two_qubit_decompose.py:1331:16:1331:32' since it is outside the source archive.
[2026-05-07 11:06:57] [SPAMMY] database interpret-results> Skipping location 'file:///usr/lib/python3/dist-packages/qiskit/quantum_info/synthesis/two_qubit_decompose.py:1397:16:1397:32' since it is outside the source archive.
[2026-05-07 11:06:57] [SPAMMY] database interpret-results> Skipping location 'file:///usr/lib/python3/dist-packages/qiskit/quantum_info/synthesis/two_qubit_decompose.py:1320:16:1320:32' since it is outside the source archive.
[2026-05-07 11:06:57] Plumbing command codeql database interpret-results completed.
[2026-05-07 11:06:57] Terminating normally.
